<?xml version="1.0" encoding="UTF-8"?>
<testsuite name="PhoneBookTest" tests="1" skipped="0" failures="0" errors="0" timestamp="2021-09-11T12:51:49" hostname="DESKTOP-QHOQ9DU" time="48.127">
  <properties/>
  <testcase name="start" classname="PhoneBookTest" time="48.127"/>
  <system-out><![CDATA[?[1;31m
Start test 1?[0m
Start searching (linear search)...
Found 500/500 entries. Time taken: 0 min. 3 sec. 927 ms.
Start searching (bubble sort + jump search)...
Found 500/500 entries. Time taken: 0 min. 42 sec. 987 ms.
Sorting time: 0 min. 39 sec. 271 ms. - STOPPED, moved to linear search
Searching time: 0 min. 3 sec. 716 ms.
]]></system-out>
  <system-err><![CDATA[]]></system-err>
</testsuite>
