<?xml version="1.0" encoding="UTF-8"?>
<testsuite name="PhoneBookTest" tests="1" skipped="0" failures="0" errors="0" timestamp="2021-09-24T19:28:24" hostname="DESKTOP-QHOQ9DU" time="59.357">
  <properties/>
  <testcase name="start" classname="PhoneBookTest" time="59.357"/>
  <system-out><![CDATA[?[1;31m
Start test 1?[0m
Start searching (linear search)...
Found 500/500 entries. Time taken: 0 min. 4 sec. 700 ms.

Start searching (bubble sort + jump search)...
Found 500/500 entries. Time taken: 0 min. 52 sec. 116 ms.
Sorting time: 0 min. 47 sec. 1 ms. - STOPPED, moved to linear search
Searching time: 0 min. 5 sec. 115 ms.

Start searching (quick sort + binary search)...
Found 500/500 entries. Time taken: 0 min. 1 sec. 143 ms.
Sorting time: 0 min. 1 sec. 141 ms.
Searching time: 0 min. 0 sec. 0 ms.

Start searching (hash table)...
Found 500/500 entries. Time taken: 0 min. 0 sec. 225 ms.
Creating time: 0 min. 0 sec. 225 ms.
Searching time: 0 min. 0 sec. 0 ms.

]]></system-out>
  <system-err><![CDATA[]]></system-err>
</testsuite>
